<?xml version="1.0" encoding="UTF-8"?>
<testsuite xmlns:xsi="http://www.w3.org/2001/XMLSchema-instance" xsi:noNamespaceSchemaLocation="https://maven.apache.org/surefire/maven-surefire-plugin/xsd/surefire-test-report-3.0.xsd" version="3.0" name="JsonToXmlStreamTest" time="0.033" tests="1" errors="0" skipped="0" failures="0">
  <properties>
[...]
</properties>
  <testcase name="testJsonToXmlTransformation" classname="JsonToXmlStreamTest" time="0.032">
    <system-out><![CDATA[Adding child mapping to parent: Company -> Root
Adding child mapping to parent: CompanyName -> Company
Adding child mapping to parent: CompanyLocation -> Company
Adding child mapping to parent: Branches/Branch -> Company
Adding child mapping to parent: BranchNA -> Branches/Branch
Adding child mapping to parent: BranchEU -> Branches/Branch
Adding child mapping to parent: Teams/Team -> Branches/Branch
Adding child mapping to parent: TeamSD -> Teams/Team
Adding child mapping to parent: TeamMK -> Teams/Team
Adding child mapping to parent: Members/Member -> Teams/Team
Adding child mapping to parent: Id -> Members/Member
Adding child mapping to parent: Name -> Members/Member
Adding child mapping to parent: Role -> Members/Member
Adding child mapping to parent: Salary -> Members/Member
Adding child mapping to parent: Tasks/Task -> Members/Member
Adding child mapping to parent: TaskId -> Tasks/Task
Adding child mapping to parent: Description -> Tasks/Task
Adding child mapping to parent: Status -> Tasks/Task
Adding child mapping to parent: Campaigns/Campaign -> Members/Member
Adding child mapping to parent: CampaignId -> Campaigns/Campaign
Adding child mapping to parent: CampaignName -> Campaigns/Campaign
Adding child mapping to parent: CampaignStatus -> Campaigns/Campaign
Mapping: Root
  Mapping: Company
    Mapping: CompanyName
    Mapping: CompanyLocation
    Mapping: Branches/Branch
      Mapping: BranchNA
      Mapping: BranchEU
      Mapping: Teams/Team
        Mapping: TeamSD
        Mapping: TeamMK
        Mapping: Members/Member
          Mapping: Id
          Mapping: Name
          Mapping: Role
          Mapping: Salary
          Mapping: Tasks/Task
            Mapping: TaskId
            Mapping: Description
            Mapping: Status
          Mapping: Campaigns/Campaign
            Mapping: CampaignId
            Mapping: CampaignName
            Mapping: CampaignStatus
2024-12-11 11:01:03 [main] INFO  o.rutz.AttributeLevelTransformation - Starting transformation for field: $.companyName
2024-12-11 11:01:03 [main] INFO  o.rutz.AttributeLevelTransformation - Source value: Tech Innovators Inc.
2024-12-11 11:01:03 [main] INFO  o.rutz.AttributeLevelTransformation - Mapping expression: 
2024-12-11 11:01:03 [main] INFO  o.rutz.AttributeLevelTransformation - Expected XML type: String
2024-12-11 11:01:03 [main] INFO  o.rutz.AttributeLevelTransformation - Source value data type: java.lang.String
2024-12-11 11:01:03 [main] INFO  o.rutz.AttributeLevelTransformation - Evaluating expression with context: org.apache.commons.jexl3.MapContext@178213b
2024-12-11 11:01:03 [main] INFO  o.rutz.AttributeLevelTransformation - Transformation resulted in null value, returning source value: Tech Innovators Inc.
2024-12-11 11:01:03 [main] INFO  o.rutz.AttributeLevelTransformation - Starting transformation for field: $.companyLocation
2024-12-11 11:01:03 [main] INFO  o.rutz.AttributeLevelTransformation - Source value: San Francisco, CA
2024-12-11 11:01:03 [main] INFO  o.rutz.AttributeLevelTransformation - Mapping expression: 
2024-12-11 11:01:03 [main] INFO  o.rutz.AttributeLevelTransformation - Expected XML type: String
2024-12-11 11:01:03 [main] INFO  o.rutz.AttributeLevelTransformation - Source value data type: java.lang.String
2024-12-11 11:01:03 [main] INFO  o.rutz.AttributeLevelTransformation - Evaluating expression with context: org.apache.commons.jexl3.MapContext@7103cb56
2024-12-11 11:01:03 [main] INFO  o.rutz.AttributeLevelTransformation - Transformation resulted in null value, returning source value: San Francisco, CA
jsonNode array count: 1
2024-12-11 11:01:03 [main] INFO  o.rutz.AttributeLevelTransformation - Starting transformation for field: $.branchNameNA
2024-12-11 11:01:03 [main] INFO  o.rutz.AttributeLevelTransformation - Source value: North America HQ
2024-12-11 11:01:03 [main] INFO  o.rutz.AttributeLevelTransformation - Mapping expression: 
2024-12-11 11:01:03 [main] INFO  o.rutz.AttributeLevelTransformation - Expected XML type: String
2024-12-11 11:01:03 [main] INFO  o.rutz.AttributeLevelTransformation - Source value data type: java.lang.String
2024-12-11 11:01:03 [main] INFO  o.rutz.AttributeLevelTransformation - Evaluating expression with context: org.apache.commons.jexl3.MapContext@1b765a2c
2024-12-11 11:01:03 [main] INFO  o.rutz.AttributeLevelTransformation - Transformation resulted in null value, returning source value: North America HQ
2024-12-11 11:01:03 [main] INFO  o.rutz.AttributeLevelTransformation - Starting transformation for field: $.branchNameEU
2024-12-11 11:01:03 [main] INFO  o.rutz.AttributeLevelTransformation - Source value: EU Branch
2024-12-11 11:01:03 [main] INFO  o.rutz.AttributeLevelTransformation - Mapping expression: 
2024-12-11 11:01:03 [main] INFO  o.rutz.AttributeLevelTransformation - Expected XML type: String
2024-12-11 11:01:03 [main] INFO  o.rutz.AttributeLevelTransformation - Source value data type: java.lang.String
2024-12-11 11:01:03 [main] INFO  o.rutz.AttributeLevelTransformation - Evaluating expression with context: org.apache.commons.jexl3.MapContext@2e8e8225
2024-12-11 11:01:03 [main] INFO  o.rutz.AttributeLevelTransformation - Transformation resulted in null value, returning source value: EU Branch
jsonNode array count: 2
2024-12-11 11:01:03 [main] INFO  o.rutz.AttributeLevelTransformation - Starting transformation for field: $.teamNameSD
2024-12-11 11:01:03 [main] INFO  o.rutz.AttributeLevelTransformation - Source value: Software Development
2024-12-11 11:01:03 [main] INFO  o.rutz.AttributeLevelTransformation - Mapping expression: 
2024-12-11 11:01:03 [main] INFO  o.rutz.AttributeLevelTransformation - Expected XML type: String
2024-12-11 11:01:03 [main] INFO  o.rutz.AttributeLevelTransformation - Source value data type: java.lang.String
2024-12-11 11:01:03 [main] INFO  o.rutz.AttributeLevelTransformation - Evaluating expression with context: org.apache.commons.jexl3.MapContext@6ebf0f36
2024-12-11 11:01:03 [main] INFO  o.rutz.AttributeLevelTransformation - Transformation resulted in null value, returning source value: Software Development
2024-12-11 11:01:03 [main] INFO  o.rutz.AttributeLevelTransformation - Starting transformation for field: $.teamNameMK
2024-12-11 11:01:03 [main] INFO  o.rutz.AttributeLevelTransformation - Source value: Marketing
2024-12-11 11:01:03 [main] INFO  o.rutz.AttributeLevelTransformation - Mapping expression: 
2024-12-11 11:01:03 [main] INFO  o.rutz.AttributeLevelTransformation - Expected XML type: String
2024-12-11 11:01:03 [main] INFO  o.rutz.AttributeLevelTransformation - Source value data type: java.lang.String
2024-12-11 11:01:03 [main] INFO  o.rutz.AttributeLevelTransformation - Evaluating expression with context: org.apache.commons.jexl3.MapContext@18920cc
2024-12-11 11:01:03 [main] INFO  o.rutz.AttributeLevelTransformation - Transformation resulted in null value, returning source value: Marketing
jsonNode array count: 2
2024-12-11 11:01:03 [main] INFO  o.rutz.AttributeLevelTransformation - Starting transformation for field: $.id
2024-12-11 11:01:03 [main] INFO  o.rutz.AttributeLevelTransformation - Source value: M1
2024-12-11 11:01:03 [main] INFO  o.rutz.AttributeLevelTransformation - Mapping expression: 
2024-12-11 11:01:03 [main] INFO  o.rutz.AttributeLevelTransformation - Expected XML type: String
2024-12-11 11:01:03 [main] INFO  o.rutz.AttributeLevelTransformation - Source value data type: java.lang.String
2024-12-11 11:01:03 [main] INFO  o.rutz.AttributeLevelTransformation - Evaluating expression with context: org.apache.commons.jexl3.MapContext@2807bdeb
2024-12-11 11:01:03 [main] INFO  o.rutz.AttributeLevelTransformation - Transformation resulted in null value, returning source value: M1
2024-12-11 11:01:03 [main] INFO  o.rutz.AttributeLevelTransformation - Starting transformation for field: $.name
2024-12-11 11:01:03 [main] INFO  o.rutz.AttributeLevelTransformation - Source value: Alice Johnson
2024-12-11 11:01:03 [main] INFO  o.rutz.AttributeLevelTransformation - Mapping expression: 
2024-12-11 11:01:03 [main] INFO  o.rutz.AttributeLevelTransformation - Expected XML type: String
2024-12-11 11:01:03 [main] INFO  o.rutz.AttributeLevelTransformation - Source value data type: java.lang.String
2024-12-11 11:01:03 [main] INFO  o.rutz.AttributeLevelTransformation - Evaluating expression with context: org.apache.commons.jexl3.MapContext@72c28d64
2024-12-11 11:01:03 [main] INFO  o.rutz.AttributeLevelTransformation - Transformation resulted in null value, returning source value: Alice Johnson
2024-12-11 11:01:03 [main] INFO  o.rutz.AttributeLevelTransformation - Starting transformation for field: $.role
2024-12-11 11:01:03 [main] INFO  o.rutz.AttributeLevelTransformation - Source value: Lead Developer
2024-12-11 11:01:03 [main] INFO  o.rutz.AttributeLevelTransformation - Mapping expression: 
2024-12-11 11:01:03 [main] INFO  o.rutz.AttributeLevelTransformation - Expected XML type: String
2024-12-11 11:01:03 [main] INFO  o.rutz.AttributeLevelTransformation - Source value data type: java.lang.String
2024-12-11 11:01:03 [main] INFO  o.rutz.AttributeLevelTransformation - Evaluating expression with context: org.apache.commons.jexl3.MapContext@6492fab5
2024-12-11 11:01:03 [main] INFO  o.rutz.AttributeLevelTransformation - Transformation resulted in null value, returning source value: Lead Developer
2024-12-11 11:01:03 [main] INFO  o.rutz.AttributeLevelTransformation - Starting transformation for field: $.salary
2024-12-11 11:01:03 [main] INFO  o.rutz.AttributeLevelTransformation - Source value: 120000
2024-12-11 11:01:03 [main] INFO  o.rutz.AttributeLevelTransformation - Mapping expression: 
2024-12-11 11:01:03 [main] INFO  o.rutz.AttributeLevelTransformation - Expected XML type: Decimal
2024-12-11 11:01:03 [main] INFO  o.rutz.AttributeLevelTransformation - Source value data type: java.lang.String
2024-12-11 11:01:03 [main] INFO  o.rutz.AttributeLevelTransformation - Evaluating expression with context: org.apache.commons.jexl3.MapContext@2c5529ab
2024-12-11 11:01:03 [main] INFO  o.rutz.AttributeLevelTransformation - Transformation resulted in null value, returning source value: 120000
jsonNode array count: 2
2024-12-11 11:01:03 [main] INFO  o.rutz.AttributeLevelTransformation - Starting transformation for field: $.taskId
2024-12-11 11:01:03 [main] INFO  o.rutz.AttributeLevelTransformation - Source value: T1
2024-12-11 11:01:03 [main] INFO  o.rutz.AttributeLevelTransformation - Mapping expression: 
2024-12-11 11:01:03 [main] INFO  o.rutz.AttributeLevelTransformation - Expected XML type: String
2024-12-11 11:01:03 [main] INFO  o.rutz.AttributeLevelTransformation - Source value data type: java.lang.String
2024-12-11 11:01:03 [main] INFO  o.rutz.AttributeLevelTransformation - Evaluating expression with context: org.apache.commons.jexl3.MapContext@39a8312f
2024-12-11 11:01:03 [main] INFO  o.rutz.AttributeLevelTransformation - Transformation resulted in null value, returning source value: T1
2024-12-11 11:01:03 [main] INFO  o.rutz.AttributeLevelTransformation - Starting transformation for field: $.description
2024-12-11 11:01:03 [main] INFO  o.rutz.AttributeLevelTransformation - Source value: Develop new API
2024-12-11 11:01:03 [main] INFO  o.rutz.AttributeLevelTransformation - Mapping expression: 
2024-12-11 11:01:03 [main] INFO  o.rutz.AttributeLevelTransformation - Expected XML type: String
2024-12-11 11:01:03 [main] INFO  o.rutz.AttributeLevelTransformation - Source value data type: java.lang.String
2024-12-11 11:01:03 [main] INFO  o.rutz.AttributeLevelTransformation - Evaluating expression with context: org.apache.commons.jexl3.MapContext@5f6722d3
2024-12-11 11:01:03 [main] INFO  o.rutz.AttributeLevelTransformation - Transformation resulted in null value, returning source value: Develop new API
2024-12-11 11:01:03 [main] INFO  o.rutz.AttributeLevelTransformation - Starting transformation for field: $.status
2024-12-11 11:01:03 [main] INFO  o.rutz.AttributeLevelTransformation - Source value: In Progress
2024-12-11 11:01:03 [main] INFO  o.rutz.AttributeLevelTransformation - Mapping expression: 
2024-12-11 11:01:03 [main] INFO  o.rutz.AttributeLevelTransformation - Expected XML type: String
2024-12-11 11:01:03 [main] INFO  o.rutz.AttributeLevelTransformation - Source value data type: java.lang.String
2024-12-11 11:01:03 [main] INFO  o.rutz.AttributeLevelTransformation - Evaluating expression with context: org.apache.commons.jexl3.MapContext@2c532cd8
2024-12-11 11:01:03 [main] INFO  o.rutz.AttributeLevelTransformation - Transformation resulted in null value, returning source value: In Progress
2024-12-11 11:01:03 [main] INFO  o.rutz.AttributeLevelTransformation - Starting transformation for field: $.taskId
2024-12-11 11:01:03 [main] INFO  o.rutz.AttributeLevelTransformation - Source value: T2
2024-12-11 11:01:03 [main] INFO  o.rutz.AttributeLevelTransformation - Mapping expression: 
2024-12-11 11:01:03 [main] INFO  o.rutz.AttributeLevelTransformation - Expected XML type: String
2024-12-11 11:01:03 [main] INFO  o.rutz.AttributeLevelTransformation - Source value data type: java.lang.String
2024-12-11 11:01:03 [main] INFO  o.rutz.AttributeLevelTransformation - Evaluating expression with context: org.apache.commons.jexl3.MapContext@294e5088
2024-12-11 11:01:03 [main] INFO  o.rutz.AttributeLevelTransformation - Transformation resulted in null value, returning source value: T2
2024-12-11 11:01:03 [main] INFO  o.rutz.AttributeLevelTransformation - Starting transformation for field: $.description
2024-12-11 11:01:03 [main] INFO  o.rutz.AttributeLevelTransformation - Source value: Refactor legacy code
2024-12-11 11:01:03 [main] INFO  o.rutz.AttributeLevelTransformation - Mapping expression: 
2024-12-11 11:01:03 [main] INFO  o.rutz.AttributeLevelTransformation - Expected XML type: String
2024-12-11 11:01:03 [main] INFO  o.rutz.AttributeLevelTransformation - Source value data type: java.lang.String
2024-12-11 11:01:03 [main] INFO  o.rutz.AttributeLevelTransformation - Evaluating expression with context: org.apache.commons.jexl3.MapContext@51972dc7
2024-12-11 11:01:03 [main] INFO  o.rutz.AttributeLevelTransformation - Transformation resulted in null value, returning source value: Refactor legacy code
2024-12-11 11:01:03 [main] INFO  o.rutz.AttributeLevelTransformation - Starting transformation for field: $.status
2024-12-11 11:01:03 [main] INFO  o.rutz.AttributeLevelTransformation - Source value: Completed
2024-12-11 11:01:03 [main] INFO  o.rutz.AttributeLevelTransformation - Mapping expression: 
2024-12-11 11:01:03 [main] INFO  o.rutz.AttributeLevelTransformation - Expected XML type: String
2024-12-11 11:01:03 [main] INFO  o.rutz.AttributeLevelTransformation - Source value data type: java.lang.String
2024-12-11 11:01:03 [main] INFO  o.rutz.AttributeLevelTransformation - Evaluating expression with context: org.apache.commons.jexl3.MapContext@3700ec9c
2024-12-11 11:01:03 [main] INFO  o.rutz.AttributeLevelTransformation - Transformation resulted in null value, returning source value: Completed
jsonNode array count: 1
2024-12-11 11:01:03 [main] INFO  o.rutz.AttributeLevelTransformation - Starting transformation for field: $.campaignId
2024-12-11 11:01:03 [main] INFO  o.rutz.AttributeLevelTransformation - Source value: C1
2024-12-11 11:01:03 [main] INFO  o.rutz.AttributeLevelTransformation - Mapping expression: 
2024-12-11 11:01:03 [main] INFO  o.rutz.AttributeLevelTransformation - Expected XML type: String
2024-12-11 11:01:03 [main] INFO  o.rutz.AttributeLevelTransformation - Source value data type: java.lang.String
2024-12-11 11:01:03 [main] INFO  o.rutz.AttributeLevelTransformation - Evaluating expression with context: org.apache.commons.jexl3.MapContext@2002348
2024-12-11 11:01:03 [main] INFO  o.rutz.AttributeLevelTransformation - Transformation resulted in null value, returning source value: C1
2024-12-11 11:01:03 [main] INFO  o.rutz.AttributeLevelTransformation - Starting transformation for field: $.name
2024-12-11 11:01:03 [main] INFO  o.rutz.AttributeLevelTransformation - Source value: Product Launch
2024-12-11 11:01:03 [main] INFO  o.rutz.AttributeLevelTransformation - Mapping expression: 
2024-12-11 11:01:03 [main] INFO  o.rutz.AttributeLevelTransformation - Expected XML type: String
2024-12-11 11:01:03 [main] INFO  o.rutz.AttributeLevelTransformation - Source value data type: java.lang.String
2024-12-11 11:01:03 [main] INFO  o.rutz.AttributeLevelTransformation - Evaluating expression with context: org.apache.commons.jexl3.MapContext@5911e990
2024-12-11 11:01:03 [main] INFO  o.rutz.AttributeLevelTransformation - Transformation resulted in null value, returning source value: Product Launch
2024-12-11 11:01:03 [main] INFO  o.rutz.AttributeLevelTransformation - Starting transformation for field: $.status
2024-12-11 11:01:03 [main] INFO  o.rutz.AttributeLevelTransformation - Source value: Ongoing
2024-12-11 11:01:03 [main] INFO  o.rutz.AttributeLevelTransformation - Mapping expression: 
2024-12-11 11:01:03 [main] INFO  o.rutz.AttributeLevelTransformation - Expected XML type: String
2024-12-11 11:01:03 [main] INFO  o.rutz.AttributeLevelTransformation - Source value data type: java.lang.String
2024-12-11 11:01:03 [main] INFO  o.rutz.AttributeLevelTransformation - Evaluating expression with context: org.apache.commons.jexl3.MapContext@31000e60
2024-12-11 11:01:03 [main] INFO  o.rutz.AttributeLevelTransformation - Transformation resulted in null value, returning source value: Ongoing
2024-12-11 11:01:03 [main] INFO  o.rutz.AttributeLevelTransformation - Starting transformation for field: $.id
2024-12-11 11:01:03 [main] INFO  o.rutz.AttributeLevelTransformation - Source value: M2
2024-12-11 11:01:03 [main] INFO  o.rutz.AttributeLevelTransformation - Mapping expression: 
2024-12-11 11:01:03 [main] INFO  o.rutz.AttributeLevelTransformation - Expected XML type: String
2024-12-11 11:01:03 [main] INFO  o.rutz.AttributeLevelTransformation - Source value data type: java.lang.String
2024-12-11 11:01:03 [main] INFO  o.rutz.AttributeLevelTransformation - Evaluating expression with context: org.apache.commons.jexl3.MapContext@1d470d0
2024-12-11 11:01:03 [main] INFO  o.rutz.AttributeLevelTransformation - Transformation resulted in null value, returning source value: M2
2024-12-11 11:01:03 [main] INFO  o.rutz.AttributeLevelTransformation - Starting transformation for field: $.name
2024-12-11 11:01:03 [main] INFO  o.rutz.AttributeLevelTransformation - Source value: Bob Smith
2024-12-11 11:01:03 [main] INFO  o.rutz.AttributeLevelTransformation - Mapping expression: 
2024-12-11 11:01:03 [main] INFO  o.rutz.AttributeLevelTransformation - Expected XML type: String
2024-12-11 11:01:03 [main] INFO  o.rutz.AttributeLevelTransformation - Source value data type: java.lang.String
2024-12-11 11:01:03 [main] INFO  o.rutz.AttributeLevelTransformation - Evaluating expression with context: org.apache.commons.jexl3.MapContext@24d09c1
2024-12-11 11:01:03 [main] INFO  o.rutz.AttributeLevelTransformation - Transformation resulted in null value, returning source value: Bob Smith
2024-12-11 11:01:03 [main] INFO  o.rutz.AttributeLevelTransformation - Starting transformation for field: $.role
2024-12-11 11:01:03 [main] INFO  o.rutz.AttributeLevelTransformation - Source value: Marketing Strategist
2024-12-11 11:01:03 [main] INFO  o.rutz.AttributeLevelTransformation - Mapping expression: 
2024-12-11 11:01:03 [main] INFO  o.rutz.AttributeLevelTransformation - Expected XML type: String
2024-12-11 11:01:03 [main] INFO  o.rutz.AttributeLevelTransformation - Source value data type: java.lang.String
2024-12-11 11:01:03 [main] INFO  o.rutz.AttributeLevelTransformation - Evaluating expression with context: org.apache.commons.jexl3.MapContext@54c62d71
2024-12-11 11:01:03 [main] INFO  o.rutz.AttributeLevelTransformation - Transformation resulted in null value, returning source value: Marketing Strategist
2024-12-11 11:01:03 [main] INFO  o.rutz.AttributeLevelTransformation - Starting transformation for field: $.salary
2024-12-11 11:01:03 [main] INFO  o.rutz.AttributeLevelTransformation - Source value: 95000
2024-12-11 11:01:03 [main] INFO  o.rutz.AttributeLevelTransformation - Mapping expression: 
2024-12-11 11:01:03 [main] INFO  o.rutz.AttributeLevelTransformation - Expected XML type: Decimal
2024-12-11 11:01:03 [main] INFO  o.rutz.AttributeLevelTransformation - Source value data type: java.lang.String
2024-12-11 11:01:03 [main] INFO  o.rutz.AttributeLevelTransformation - Evaluating expression with context: org.apache.commons.jexl3.MapContext@65045a87
2024-12-11 11:01:03 [main] INFO  o.rutz.AttributeLevelTransformation - Transformation resulted in null value, returning source value: 95000
jsonNode array count: 1
2024-12-11 11:01:03 [main] INFO  o.rutz.AttributeLevelTransformation - Starting transformation for field: $.taskId
2024-12-11 11:01:03 [main] INFO  o.rutz.AttributeLevelTransformation - Source value: T3
2024-12-11 11:01:03 [main] INFO  o.rutz.AttributeLevelTransformation - Mapping expression: 
2024-12-11 11:01:03 [main] INFO  o.rutz.AttributeLevelTransformation - Expected XML type: String
2024-12-11 11:01:03 [main] INFO  o.rutz.AttributeLevelTransformation - Source value data type: java.lang.String
2024-12-11 11:01:03 [main] INFO  o.rutz.AttributeLevelTransformation - Evaluating expression with context: org.apache.commons.jexl3.MapContext@47f4e407
2024-12-11 11:01:03 [main] INFO  o.rutz.AttributeLevelTransformation - Transformation resulted in null value, returning source value: T3
2024-12-11 11:01:03 [main] INFO  o.rutz.AttributeLevelTransformation - Starting transformation for field: $.description
2024-12-11 11:01:03 [main] INFO  o.rutz.AttributeLevelTransformation - Source value: Create marketing plan
2024-12-11 11:01:03 [main] INFO  o.rutz.AttributeLevelTransformation - Mapping expression: 
2024-12-11 11:01:03 [main] INFO  o.rutz.AttributeLevelTransformation - Expected XML type: String
2024-12-11 11:01:03 [main] INFO  o.rutz.AttributeLevelTransformation - Source value data type: java.lang.String
2024-12-11 11:01:03 [main] INFO  o.rutz.AttributeLevelTransformation - Evaluating expression with context: org.apache.commons.jexl3.MapContext@2d1dee39
2024-12-11 11:01:03 [main] INFO  o.rutz.AttributeLevelTransformation - Transformation resulted in null value, returning source value: Create marketing plan
2024-12-11 11:01:03 [main] INFO  o.rutz.AttributeLevelTransformation - Starting transformation for field: $.status
2024-12-11 11:01:03 [main] INFO  o.rutz.AttributeLevelTransformation - Source value: Completed
2024-12-11 11:01:03 [main] INFO  o.rutz.AttributeLevelTransformation - Mapping expression: 
2024-12-11 11:01:03 [main] INFO  o.rutz.AttributeLevelTransformation - Expected XML type: String
2024-12-11 11:01:03 [main] INFO  o.rutz.AttributeLevelTransformation - Source value data type: java.lang.String
2024-12-11 11:01:03 [main] INFO  o.rutz.AttributeLevelTransformation - Evaluating expression with context: org.apache.commons.jexl3.MapContext@48d5f34e
2024-12-11 11:01:03 [main] INFO  o.rutz.AttributeLevelTransformation - Transformation resulted in null value, returning source value: Completed
jsonNode array count: 1
2024-12-11 11:01:03 [main] INFO  o.rutz.AttributeLevelTransformation - Starting transformation for field: $.campaignId
2024-12-11 11:01:03 [main] INFO  o.rutz.AttributeLevelTransformation - Source value: C2
2024-12-11 11:01:03 [main] INFO  o.rutz.AttributeLevelTransformation - Mapping expression: 
2024-12-11 11:01:03 [main] INFO  o.rutz.AttributeLevelTransformation - Expected XML type: String
2024-12-11 11:01:03 [main] INFO  o.rutz.AttributeLevelTransformation - Source value data type: java.lang.String
2024-12-11 11:01:03 [main] INFO  o.rutz.AttributeLevelTransformation - Evaluating expression with context: org.apache.commons.jexl3.MapContext@fc258b1
2024-12-11 11:01:03 [main] INFO  o.rutz.AttributeLevelTransformation - Transformation resulted in null value, returning source value: C2
2024-12-11 11:01:03 [main] INFO  o.rutz.AttributeLevelTransformation - Starting transformation for field: $.name
2024-12-11 11:01:03 [main] INFO  o.rutz.AttributeLevelTransformation - Source value: Holiday Promotion
2024-12-11 11:01:03 [main] INFO  o.rutz.AttributeLevelTransformation - Mapping expression: 
2024-12-11 11:01:03 [main] INFO  o.rutz.AttributeLevelTransformation - Expected XML type: String
2024-12-11 11:01:03 [main] INFO  o.rutz.AttributeLevelTransformation - Source value data type: java.lang.String
2024-12-11 11:01:03 [main] INFO  o.rutz.AttributeLevelTransformation - Evaluating expression with context: org.apache.commons.jexl3.MapContext@6ff65192
2024-12-11 11:01:03 [main] INFO  o.rutz.AttributeLevelTransformation - Transformation resulted in null value, returning source value: Holiday Promotion
2024-12-11 11:01:03 [main] INFO  o.rutz.AttributeLevelTransformation - Starting transformation for field: $.status
2024-12-11 11:01:03 [main] INFO  o.rutz.AttributeLevelTransformation - Source value: Completed
2024-12-11 11:01:03 [main] INFO  o.rutz.AttributeLevelTransformation - Mapping expression: 
2024-12-11 11:01:03 [main] INFO  o.rutz.AttributeLevelTransformation - Expected XML type: String
2024-12-11 11:01:03 [main] INFO  o.rutz.AttributeLevelTransformation - Source value data type: java.lang.String
2024-12-11 11:01:03 [main] INFO  o.rutz.AttributeLevelTransformation - Evaluating expression with context: org.apache.commons.jexl3.MapContext@2dd80673
2024-12-11 11:01:03 [main] INFO  o.rutz.AttributeLevelTransformation - Transformation resulted in null value, returning source value: Completed
2024-12-11 11:01:03 [main] INFO  o.rutz.AttributeLevelTransformation - Starting transformation for field: $.teamNameSD
2024-12-11 11:01:03 [main] INFO  o.rutz.AttributeLevelTransformation - Source value: Product Management
2024-12-11 11:01:03 [main] INFO  o.rutz.AttributeLevelTransformation - Mapping expression: 
2024-12-11 11:01:03 [main] INFO  o.rutz.AttributeLevelTransformation - Expected XML type: String
2024-12-11 11:01:03 [main] INFO  o.rutz.AttributeLevelTransformation - Source value data type: java.lang.String
2024-12-11 11:01:03 [main] INFO  o.rutz.AttributeLevelTransformation - Evaluating expression with context: org.apache.commons.jexl3.MapContext@4af0df05
2024-12-11 11:01:03 [main] INFO  o.rutz.AttributeLevelTransformation - Transformation resulted in null value, returning source value: Product Management
2024-12-11 11:01:03 [main] INFO  o.rutz.AttributeLevelTransformation - Starting transformation for field: $.teamNameMK
2024-12-11 11:01:03 [main] INFO  o.rutz.AttributeLevelTransformation - Source value: Sales
2024-12-11 11:01:03 [main] INFO  o.rutz.AttributeLevelTransformation - Mapping expression: 
2024-12-11 11:01:03 [main] INFO  o.rutz.AttributeLevelTransformation - Expected XML type: String
2024-12-11 11:01:03 [main] INFO  o.rutz.AttributeLevelTransformation - Source value data type: java.lang.String
2024-12-11 11:01:03 [main] INFO  o.rutz.AttributeLevelTransformation - Evaluating expression with context: org.apache.commons.jexl3.MapContext@57ea113a
2024-12-11 11:01:03 [main] INFO  o.rutz.AttributeLevelTransformation - Transformation resulted in null value, returning source value: Sales
jsonNode array count: 2
2024-12-11 11:01:03 [main] INFO  o.rutz.AttributeLevelTransformation - Starting transformation for field: $.id
2024-12-11 11:01:03 [main] INFO  o.rutz.AttributeLevelTransformation - Source value: M3
2024-12-11 11:01:03 [main] INFO  o.rutz.AttributeLevelTransformation - Mapping expression: 
2024-12-11 11:01:03 [main] INFO  o.rutz.AttributeLevelTransformation - Expected XML type: String
2024-12-11 11:01:03 [main] INFO  o.rutz.AttributeLevelTransformation - Source value data type: java.lang.String
2024-12-11 11:01:03 [main] INFO  o.rutz.AttributeLevelTransformation - Evaluating expression with context: org.apache.commons.jexl3.MapContext@acdb094
2024-12-11 11:01:03 [main] INFO  o.rutz.AttributeLevelTransformation - Transformation resulted in null value, returning source value: M3
2024-12-11 11:01:03 [main] INFO  o.rutz.AttributeLevelTransformation - Starting transformation for field: $.name
2024-12-11 11:01:03 [main] INFO  o.rutz.AttributeLevelTransformation - Source value: Charlie Brown
2024-12-11 11:01:03 [main] INFO  o.rutz.AttributeLevelTransformation - Mapping expression: 
2024-12-11 11:01:03 [main] INFO  o.rutz.AttributeLevelTransformation - Expected XML type: String
2024-12-11 11:01:03 [main] INFO  o.rutz.AttributeLevelTransformation - Source value data type: java.lang.String
2024-12-11 11:01:03 [main] INFO  o.rutz.AttributeLevelTransformation - Evaluating expression with context: org.apache.commons.jexl3.MapContext@674bd420
2024-12-11 11:01:03 [main] INFO  o.rutz.AttributeLevelTransformation - Transformation resulted in null value, returning source value: Charlie Brown
2024-12-11 11:01:03 [main] INFO  o.rutz.AttributeLevelTransformation - Starting transformation for field: $.role
2024-12-11 11:01:03 [main] INFO  o.rutz.AttributeLevelTransformation - Source value: Product Manager
2024-12-11 11:01:03 [main] INFO  o.rutz.AttributeLevelTransformation - Mapping expression: 
2024-12-11 11:01:03 [main] INFO  o.rutz.AttributeLevelTransformation - Expected XML type: String
2024-12-11 11:01:03 [main] INFO  o.rutz.AttributeLevelTransformation - Source value data type: java.lang.String
2024-12-11 11:01:03 [main] INFO  o.rutz.AttributeLevelTransformation - Evaluating expression with context: org.apache.commons.jexl3.MapContext@2b0f373b
2024-12-11 11:01:03 [main] INFO  o.rutz.AttributeLevelTransformation - Transformation resulted in null value, returning source value: Product Manager
2024-12-11 11:01:03 [main] INFO  o.rutz.AttributeLevelTransformation - Starting transformation for field: $.salary
2024-12-11 11:01:03 [main] INFO  o.rutz.AttributeLevelTransformation - Source value: 115000
2024-12-11 11:01:03 [main] INFO  o.rutz.AttributeLevelTransformation - Mapping expression: 
2024-12-11 11:01:03 [main] INFO  o.rutz.AttributeLevelTransformation - Expected XML type: Decimal
2024-12-11 11:01:03 [main] INFO  o.rutz.AttributeLevelTransformation - Source value data type: java.lang.String
2024-12-11 11:01:03 [main] INFO  o.rutz.AttributeLevelTransformation - Evaluating expression with context: org.apache.commons.jexl3.MapContext@2ceb80a1
2024-12-11 11:01:03 [main] INFO  o.rutz.AttributeLevelTransformation - Transformation resulted in null value, returning source value: 115000
jsonNode array count: 1
2024-12-11 11:01:03 [main] INFO  o.rutz.AttributeLevelTransformation - Starting transformation for field: $.taskId
2024-12-11 11:01:03 [main] INFO  o.rutz.AttributeLevelTransformation - Source value: T4
2024-12-11 11:01:03 [main] INFO  o.rutz.AttributeLevelTransformation - Mapping expression: 
2024-12-11 11:01:03 [main] INFO  o.rutz.AttributeLevelTransformation - Expected XML type: String
2024-12-11 11:01:03 [main] INFO  o.rutz.AttributeLevelTransformation - Source value data type: java.lang.String
2024-12-11 11:01:03 [main] INFO  o.rutz.AttributeLevelTransformation - Evaluating expression with context: org.apache.commons.jexl3.MapContext@4b45dcb8
2024-12-11 11:01:03 [main] INFO  o.rutz.AttributeLevelTransformation - Transformation resulted in null value, returning source value: T4
2024-12-11 11:01:03 [main] INFO  o.rutz.AttributeLevelTransformation - Starting transformation for field: $.description
2024-12-11 11:01:03 [main] INFO  o.rutz.AttributeLevelTransformation - Source value: Define product roadmap
2024-12-11 11:01:03 [main] INFO  o.rutz.AttributeLevelTransformation - Mapping expression: 
2024-12-11 11:01:03 [main] INFO  o.rutz.AttributeLevelTransformation - Expected XML type: String
2024-12-11 11:01:03 [main] INFO  o.rutz.AttributeLevelTransformation - Source value data type: java.lang.String
2024-12-11 11:01:03 [main] INFO  o.rutz.AttributeLevelTransformation - Evaluating expression with context: org.apache.commons.jexl3.MapContext@7216fb24
2024-12-11 11:01:03 [main] INFO  o.rutz.AttributeLevelTransformation - Transformation resulted in null value, returning source value: Define product roadmap
Child node missing for: Status
jsonNode array count: 1
2024-12-11 11:01:03 [main] INFO  o.rutz.AttributeLevelTransformation - Starting transformation for field: $.campaignId
2024-12-11 11:01:03 [main] INFO  o.rutz.AttributeLevelTransformation - Source value: C3
2024-12-11 11:01:03 [main] INFO  o.rutz.AttributeLevelTransformation - Mapping expression: 
2024-12-11 11:01:03 [main] INFO  o.rutz.AttributeLevelTransformation - Expected XML type: String
2024-12-11 11:01:03 [main] INFO  o.rutz.AttributeLevelTransformation - Source value data type: java.lang.String
2024-12-11 11:01:03 [main] INFO  o.rutz.AttributeLevelTransformation - Evaluating expression with context: org.apache.commons.jexl3.MapContext@2072acb2
2024-12-11 11:01:03 [main] INFO  o.rutz.AttributeLevelTransformation - Transformation resulted in null value, returning source value: C3
2024-12-11 11:01:03 [main] INFO  o.rutz.AttributeLevelTransformation - Starting transformation for field: $.name
2024-12-11 11:01:03 [main] INFO  o.rutz.AttributeLevelTransformation - Source value: New Product Rollout
2024-12-11 11:01:03 [main] INFO  o.rutz.AttributeLevelTransformation - Mapping expression: 
2024-12-11 11:01:03 [main] INFO  o.rutz.AttributeLevelTransformation - Expected XML type: String
2024-12-11 11:01:03 [main] INFO  o.rutz.AttributeLevelTransformation - Source value data type: java.lang.String
2024-12-11 11:01:03 [main] INFO  o.rutz.AttributeLevelTransformation - Evaluating expression with context: org.apache.commons.jexl3.MapContext@50ecde95
2024-12-11 11:01:03 [main] INFO  o.rutz.AttributeLevelTransformation - Transformation resulted in null value, returning source value: New Product Rollout
2024-12-11 11:01:03 [main] INFO  o.rutz.AttributeLevelTransformation - Starting transformation for field: $.status
2024-12-11 11:01:03 [main] INFO  o.rutz.AttributeLevelTransformation - Source value: Ongoing
2024-12-11 11:01:03 [main] INFO  o.rutz.AttributeLevelTransformation - Mapping expression: 
2024-12-11 11:01:03 [main] INFO  o.rutz.AttributeLevelTransformation - Expected XML type: String
2024-12-11 11:01:03 [main] INFO  o.rutz.AttributeLevelTransformation - Source value data type: java.lang.String
2024-12-11 11:01:03 [main] INFO  o.rutz.AttributeLevelTransformation - Evaluating expression with context: org.apache.commons.jexl3.MapContext@35a9782c
2024-12-11 11:01:03 [main] INFO  o.rutz.AttributeLevelTransformation - Transformation resulted in null value, returning source value: Ongoing
2024-12-11 11:01:03 [main] INFO  o.rutz.AttributeLevelTransformation - Starting transformation for field: $.id
2024-12-11 11:01:03 [main] INFO  o.rutz.AttributeLevelTransformation - Source value: M4
2024-12-11 11:01:03 [main] INFO  o.rutz.AttributeLevelTransformation - Mapping expression: 
2024-12-11 11:01:03 [main] INFO  o.rutz.AttributeLevelTransformation - Expected XML type: String
2024-12-11 11:01:03 [main] INFO  o.rutz.AttributeLevelTransformation - Source value data type: java.lang.String
2024-12-11 11:01:03 [main] INFO  o.rutz.AttributeLevelTransformation - Evaluating expression with context: org.apache.commons.jexl3.MapContext@70a36a66
2024-12-11 11:01:03 [main] INFO  o.rutz.AttributeLevelTransformation - Transformation resulted in null value, returning source value: M4
2024-12-11 11:01:03 [main] INFO  o.rutz.AttributeLevelTransformation - Starting transformation for field: $.name
2024-12-11 11:01:03 [main] INFO  o.rutz.AttributeLevelTransformation - Source value: Dana White
2024-12-11 11:01:03 [main] INFO  o.rutz.AttributeLevelTransformation - Mapping expression: 
2024-12-11 11:01:03 [main] INFO  o.rutz.AttributeLevelTransformation - Expected XML type: String
2024-12-11 11:01:03 [main] INFO  o.rutz.AttributeLevelTransformation - Source value data type: java.lang.String
2024-12-11 11:01:03 [main] INFO  o.rutz.AttributeLevelTransformation - Evaluating expression with context: org.apache.commons.jexl3.MapContext@45815ffc
2024-12-11 11:01:03 [main] INFO  o.rutz.AttributeLevelTransformation - Transformation resulted in null value, returning source value: Dana White
2024-12-11 11:01:03 [main] INFO  o.rutz.AttributeLevelTransformation - Starting transformation for field: $.role
2024-12-11 11:01:03 [main] INFO  o.rutz.AttributeLevelTransformation - Source value: Sales Lead
2024-12-11 11:01:03 [main] INFO  o.rutz.AttributeLevelTransformation - Mapping expression: 
2024-12-11 11:01:03 [main] INFO  o.rutz.AttributeLevelTransformation - Expected XML type: String
2024-12-11 11:01:03 [main] INFO  o.rutz.AttributeLevelTransformation - Source value data type: java.lang.String
2024-12-11 11:01:03 [main] INFO  o.rutz.AttributeLevelTransformation - Evaluating expression with context: org.apache.commons.jexl3.MapContext@732f29af
2024-12-11 11:01:03 [main] INFO  o.rutz.AttributeLevelTransformation - Transformation resulted in null value, returning source value: Sales Lead
2024-12-11 11:01:03 [main] INFO  o.rutz.AttributeLevelTransformation - Starting transformation for field: $.salary
2024-12-11 11:01:03 [main] INFO  o.rutz.AttributeLevelTransformation - Source value: 105000
2024-12-11 11:01:03 [main] INFO  o.rutz.AttributeLevelTransformation - Mapping expression: 
2024-12-11 11:01:03 [main] INFO  o.rutz.AttributeLevelTransformation - Expected XML type: Decimal
2024-12-11 11:01:03 [main] INFO  o.rutz.AttributeLevelTransformation - Source value data type: java.lang.String
2024-12-11 11:01:03 [main] INFO  o.rutz.AttributeLevelTransformation - Evaluating expression with context: org.apache.commons.jexl3.MapContext@d3957fe
2024-12-11 11:01:03 [main] INFO  o.rutz.AttributeLevelTransformation - Transformation resulted in null value, returning source value: 105000
jsonNode array count: 1
2024-12-11 11:01:03 [main] INFO  o.rutz.AttributeLevelTransformation - Starting transformation for field: $.taskId
2024-12-11 11:01:03 [main] INFO  o.rutz.AttributeLevelTransformation - Source value: T5
2024-12-11 11:01:03 [main] INFO  o.rutz.AttributeLevelTransformation - Mapping expression: 
2024-12-11 11:01:03 [main] INFO  o.rutz.AttributeLevelTransformation - Expected XML type: String
2024-12-11 11:01:03 [main] INFO  o.rutz.AttributeLevelTransformation - Source value data type: java.lang.String
2024-12-11 11:01:03 [main] INFO  o.rutz.AttributeLevelTransformation - Evaluating expression with context: org.apache.commons.jexl3.MapContext@6622fc65
2024-12-11 11:01:03 [main] INFO  o.rutz.AttributeLevelTransformation - Transformation resulted in null value, returning source value: T5
2024-12-11 11:01:03 [main] INFO  o.rutz.AttributeLevelTransformation - Starting transformation for field: $.description
2024-12-11 11:01:03 [main] INFO  o.rutz.AttributeLevelTransformation - Source value: Coordinate sales efforts
2024-12-11 11:01:03 [main] INFO  o.rutz.AttributeLevelTransformation - Mapping expression: 
2024-12-11 11:01:03 [main] INFO  o.rutz.AttributeLevelTransformation - Expected XML type: String
2024-12-11 11:01:03 [main] INFO  o.rutz.AttributeLevelTransformation - Source value data type: java.lang.String
2024-12-11 11:01:03 [main] INFO  o.rutz.AttributeLevelTransformation - Evaluating expression with context: org.apache.commons.jexl3.MapContext@299321e2
2024-12-11 11:01:03 [main] INFO  o.rutz.AttributeLevelTransformation - Transformation resulted in null value, returning source value: Coordinate sales efforts
2024-12-11 11:01:03 [main] INFO  o.rutz.AttributeLevelTransformation - Starting transformation for field: $.status
2024-12-11 11:01:03 [main] INFO  o.rutz.AttributeLevelTransformation - Source value: Completed
2024-12-11 11:01:03 [main] INFO  o.rutz.AttributeLevelTransformation - Mapping expression: 
2024-12-11 11:01:03 [main] INFO  o.rutz.AttributeLevelTransformation - Expected XML type: String
2024-12-11 11:01:03 [main] INFO  o.rutz.AttributeLevelTransformation - Source value data type: java.lang.String
2024-12-11 11:01:03 [main] INFO  o.rutz.AttributeLevelTransformation - Evaluating expression with context: org.apache.commons.jexl3.MapContext@23fb172e
2024-12-11 11:01:03 [main] INFO  o.rutz.AttributeLevelTransformation - Transformation resulted in null value, returning source value: Completed
jsonNode array count: 1
2024-12-11 11:01:03 [main] INFO  o.rutz.AttributeLevelTransformation - Starting transformation for field: $.campaignId
2024-12-11 11:01:03 [main] INFO  o.rutz.AttributeLevelTransformation - Source value: C4
2024-12-11 11:01:03 [main] INFO  o.rutz.AttributeLevelTransformation - Mapping expression: 
2024-12-11 11:01:03 [main] INFO  o.rutz.AttributeLevelTransformation - Expected XML type: String
2024-12-11 11:01:03 [main] INFO  o.rutz.AttributeLevelTransformation - Source value data type: java.lang.String
2024-12-11 11:01:03 [main] INFO  o.rutz.AttributeLevelTransformation - Evaluating expression with context: org.apache.commons.jexl3.MapContext@64ba3208
2024-12-11 11:01:03 [main] INFO  o.rutz.AttributeLevelTransformation - Transformation resulted in null value, returning source value: C4
2024-12-11 11:01:03 [main] INFO  o.rutz.AttributeLevelTransformation - Starting transformation for field: $.name
2024-12-11 11:01:03 [main] INFO  o.rutz.AttributeLevelTransformation - Source value: End of Year Promotion
2024-12-11 11:01:03 [main] INFO  o.rutz.AttributeLevelTransformation - Mapping expression: 
2024-12-11 11:01:03 [main] INFO  o.rutz.AttributeLevelTransformation - Expected XML type: String
2024-12-11 11:01:03 [main] INFO  o.rutz.AttributeLevelTransformation - Source value data type: java.lang.String
2024-12-11 11:01:03 [main] INFO  o.rutz.AttributeLevelTransformation - Evaluating expression with context: org.apache.commons.jexl3.MapContext@158a3b2e
2024-12-11 11:01:03 [main] INFO  o.rutz.AttributeLevelTransformation - Transformation resulted in null value, returning source value: End of Year Promotion
2024-12-11 11:01:03 [main] INFO  o.rutz.AttributeLevelTransformation - Starting transformation for field: $.status
2024-12-11 11:01:03 [main] INFO  o.rutz.AttributeLevelTransformation - Source value: Completed
2024-12-11 11:01:03 [main] INFO  o.rutz.AttributeLevelTransformation - Mapping expression: 
2024-12-11 11:01:03 [main] INFO  o.rutz.AttributeLevelTransformation - Expected XML type: String
2024-12-11 11:01:03 [main] INFO  o.rutz.AttributeLevelTransformation - Source value data type: java.lang.String
2024-12-11 11:01:03 [main] INFO  o.rutz.AttributeLevelTransformation - Evaluating expression with context: org.apache.commons.jexl3.MapContext@25a6944c
2024-12-11 11:01:03 [main] INFO  o.rutz.AttributeLevelTransformation - Transformation resulted in null value, returning source value: Completed
XML file created successfully!
]]></system-out>
  </testcase>
</testsuite>